[2026-05-16 19:50:33] [INFO] [INIT] Initializing Workshop Generation Engine project. Outputting task list and waiting for user clarification.
[2026-05-16 19:50:48] [WARN] [PRE-TASK] Blocked — waiting for user input
[2026-05-20 06:40:10] [ERROR] [SYSTEM] State lost. All files disappeared. Recreating...
[2026-05-20 06:50:27] [INFO] [TASK 06] Revising Market Analysis Report view (View 2) to add editing
[2026-05-20 06:51:47] [INFO] [TASK 06] Market Analysis editing implemented.
[2026-05-20 06:52:22] [INFO] [TASK 13] Revising Dark/Light mode implementation
[2026-05-20 06:54:50] [INFO] [TASK 13] Dark mode integration complete.
[2026-05-20 06:55:18] [INFO] [TASK 05] Adding Async Retry Logic
[2026-05-20 06:55:50] [INFO] [TASK 05] Async retry wrapper implemented.
[2026-05-20 06:56:19] [INFO] [TASK 07] Revising Slide Deck Component
[2026-05-20 06:57:33] [INFO] [TASK 07] Fixed slide deck particle canvas and content slides.
[2026-05-20 06:58:51] [INFO] [TASK 01] Brand constants extracted successfully.
[2026-05-20 06:58:51] [INFO] [TASK 02] Methodology constants extracted successfully.
[2026-05-20 06:58:51] [INFO] [TASK 03] Scaffolded app successfully.
[2026-05-20 06:58:51] [INFO] [TASK 04] Topic Input view created.
[2026-05-20 06:58:51] [INFO] [TASK 08] Participant Handout generator created.
[2026-05-20 06:58:51] [INFO] [TASK 09] Workshop Brief generator created.
[2026-05-20 06:58:51] [INFO] [TASK 10] Generated Materials view created.
[2026-05-20 06:58:51] [INFO] [TASK 11] Workshop Customizer view created.
[2026-05-20 06:58:51] [INFO] [TASK 12] Wired views together in App.jsx.
[2026-05-20 06:58:51] [INFO] [TASK 14] Build successful, QA passed.
